C:\Users\JasonX\Documents\GitHub\QtOgreEditor\modules\module_settings\Debug\cl.command.1.tlog
C:\Users\JasonX\Documents\GitHub\QtOgreEditor\modules\module_settings\Debug\CL.read.1.tlog
C:\Users\JasonX\Documents\GitHub\QtOgreEditor\modules\module_settings\Debug\CL.write.1.tlog
C:\Users\JasonX\Documents\GitHub\QtOgreEditor\modules\module_settings\Debug\link.command.1.tlog
C:\Users\JasonX\Documents\GitHub\QtOgreEditor\modules\module_settings\Debug\link.read.1.tlog
C:\Users\JasonX\Documents\GitHub\QtOgreEditor\modules\module_settings\Debug\link.write.1.tlog
C:\USERS\JASONX\DOCUMENTS\GITHUB\QTOGREEDITOR\MODULES\MODULE_SETTINGS\DEBUG\MAIN.OBJ
C:\USERS\JASONX\DOCUMENTS\GITHUB\QTOGREEDITOR\MODULES\MODULE_SETTINGS\DEBUG\MODULE_SETTINGS.EXE
C:\USERS\JASONX\DOCUMENTS\GITHUB\QTOGREEDITOR\MODULES\MODULE_SETTINGS\DEBUG\MODULE_SETTINGS.EXE.INTERMEDIATE.MANIFEST
C:\USERS\JASONX\DOCUMENTS\GITHUB\QTOGREEDITOR\MODULES\MODULE_SETTINGS\DEBUG\MODULE_SETTINGS.ILK
C:\USERS\JASONX\DOCUMENTS\GITHUB\QTOGREEDITOR\MODULES\MODULE_SETTINGS\DEBUG\MODULE_SETTINGS.PDB
C:\Users\JasonX\Documents\GitHub\QtOgreEditor\modules\module_settings\Debug\mt.command.1.tlog
C:\Users\JasonX\Documents\GitHub\QtOgreEditor\modules\module_settings\Debug\mt.read.1.tlog
C:\Users\JasonX\Documents\GitHub\QtOgreEditor\modules\module_settings\Debug\mt.write.1.tlog
C:\Users\JasonX\Documents\GitHub\QtOgreEditor\modules\module_settings\Debug\vc100.idb
C:\USERS\JASONX\DOCUMENTS\GITHUB\QTOGREEDITOR\MODULES\MODULE_SETTINGS\DEBUG\VC100.PDB
C:\USERS\JASONX\DOCUMENTS\GITHUB\QTOGREEDITOR\MODULES\MODULE_SETTINGS\DEBUG\WINDOWSETTINGS.OBJ
E:\PROGRAMMING\MSVS PROJECTS\MODULES\MODULE_SETTINGS\DEBUG\MAIN.OBJ
E:\PROGRAMMING\MSVS PROJECTS\MODULES\MODULE_SETTINGS\DEBUG\MODULE_SETTINGS.EXE
E:\PROGRAMMING\MSVS PROJECTS\MODULES\MODULE_SETTINGS\DEBUG\MODULE_SETTINGS.EXE.INTERMEDIATE.MANIFEST
E:\PROGRAMMING\MSVS PROJECTS\MODULES\MODULE_SETTINGS\DEBUG\MODULE_SETTINGS.ILK
E:\PROGRAMMING\MSVS PROJECTS\MODULES\MODULE_SETTINGS\DEBUG\MODULE_SETTINGS.PDB
E:\PROGRAMMING\MSVS PROJECTS\MODULES\MODULE_SETTINGS\DEBUG\VC100.PDB
