Build started 15.04.2013 23:08:55.
     1>Project "E:\GitRepositories\Modules\modules\module_settings\module_settings.vcxproj" on node 2 (build target(s)).
     1>InitializeBuildStatus:
         Creating "Debug\module_settings.unsuccessfulbuild" because "AlwaysCreate" was specified.
       ClCompile:
         E:\Programming\MSVS 10\VC\bin\CL.exe /c /ZI /nologo /W3 /WX- /Od /Oy- /D _MBCS /Gm /EHsc /RTC1 /MDd /GS /fp:precise /Zc:wchar_t /Zc:forScope /Fo"Debug\\" /Fd"Debug\vc100.pdb" /Gd /TP /analyze- /errorReport:prompt newprojectdialog.cpp
         newprojectdialog.cpp
     1>e:\gamedev\ogre3d\ogresdk_vc10_v1-8-1\include\ogre\ogreheadersuffix.h(34): warning C4193: #pragma warning(pop) : no matching '#pragma warning(push)'
     1>e:\gamedev\ogre3d\ogresdk_vc10_v1-8-1\include\ogre\ogreheadersuffix.h(34): warning C4193: #pragma warning(pop) : no matching '#pragma warning(push)'
     1>e:\gamedev\ogre3d\ogresdk_vc10_v1-8-1\include\ogre\ogreheadersuffix.h(34): warning C4193: #pragma warning(pop) : no matching '#pragma warning(push)'
       Link:
         E:\Programming\MSVS 10\VC\bin\link.exe /ERRORREPORT:PROMPT /OUT:"E:\GitRepositories\Modules\modules\module_settings\Debug\module_settings.exe" /NOLOGO pugixmld.lib OgreMain_d.lib QtCored4.lib QtGuid4.lib QtOpenGLd4.lib kernel32.lib user32.lib gdi32.lib winspool.lib comdlg32.lib advapi32.lib shell32.lib ole32.lib oleaut32.lib uuid.lib odbc32.lib odbccp32.lib /MANIFEST /ManifestFile:"Debug\module_settings.exe.intermediate.manifest" /MANIFESTUAC:"level='asInvoker' uiAccess='false'" /DEBUG /PDB:"E:\GitRepositories\Modules\modules\module_settings\Debug\module_settings.pdb" /TLBID:1 /DYNAMICBASE /NXCOMPAT /IMPLIB:"E:\GitRepositories\Modules\modules\module_settings\Debug\module_settings.lib" /MACHINE:X86 Debug\closeprojectdialog.obj
         Debug\main.obj
         Debug\mainwindow.obj
         Debug\moc_closeprojectdialog.obj
         Debug\moc_mainwindow.obj
         Debug\moc_newprojectdialog.obj
         Debug\moc_qogrewidget.obj
         Debug\newprojectdialog.obj
         Debug\qogrewidget.obj
         Debug\WindowSettings.obj
         LINK : E:\GitRepositories\Modules\modules\module_settings\Debug\module_settings.exe not found or not built by the last incremental link; performing full link
         module_settings.vcxproj -> E:\GitRepositories\Modules\modules\module_settings\Debug\module_settings.exe
       Manifest:
         C:\Program Files (x86)\Microsoft SDKs\Windows\v7.0A\bin\mt.exe /nologo /verbose /outputresource:"E:\GitRepositories\Modules\modules\module_settings\Debug\module_settings.exe;#1" /manifest Debug\module_settings.exe.intermediate.manifest
       FinalizeBuildStatus:
         Deleting file "Debug\module_settings.unsuccessfulbuild".
         Touching "Debug\module_settings.lastbuildstate".
     1>Done Building Project "E:\GitRepositories\Modules\modules\module_settings\module_settings.vcxproj" (build target(s)).

Build succeeded.

Time Elapsed 00:00:06.39
